Currently Loaded Modulefiles:
  1) gcc/4.8.2         3) java/1.8.0_45
  2) openmpi/1.6.5     4) cudatoolkit/7.5
cputime      unlimited
filesize     unlimited
datasize     unlimited
stacksize    unlimited
coredumpsize unlimited
memoryuse    unlimited
vmemoryuse   unlimited
descriptors  65536 
memorylocked unlimited
maxproc      8192 
Wed Aug 10 03:16:15 MDT 2016
374094
running 64 nodes dma_circuit branch
Reported: 64 (out of 64) daemons - 64 (out of 64) procs
[0 - 2b6a9e41e700] {3}{circuit}: circuit settings: loops=100 pieces=64 nodes/piece=250000 wires/piece=500000 pct_in_piece=95 seed=12345
[0 - 2b6a9e41e700] {3}{circuit}: Initializing circuit simulation...
#privates = 225972, #shared = 24028, #ghose = 24866
#privates = 226548, #shared = 23452, #ghose = 25094
#privates = 226059, #shared = 23941, #ghose = 25073
#privates = 226136, #shared = 23864, #ghose = 25083
#privates = 226048, #shared = 23952, #ghose = 25138
#privates = 226186, #shared = 23814, #ghose = 24970
#privates = 226189, #shared = 23811, #ghose = 25037
#privates = 226039, #shared = 23961, #ghose = 24973
#privates = 226457, #shared = 23543, #ghose = 24811
#privates = 226360, #shared = 23640, #ghose = 24975
#privates = 226000, #shared = 24000, #ghose = 24970
#privates = 226410, #shared = 23590, #ghose = 24927
#privates = 226173, #shared = 23827, #ghose = 25076
#privates = 226255, #shared = 23745, #ghose = 25111
#privates = 226001, #shared = 23999, #ghose = 24629
#privates = 225889, #shared = 24111, #ghose = 24989
#privates = 226120, #shared = 23880, #ghose = 25293
#privates = 225963, #shared = 24037, #ghose = 24925
#privates = 226312, #shared = 23688, #ghose = 24930
#privates = 226283, #shared = 23717, #ghose = 25000
#privates = 226113, #shared = 23887, #ghose = 25051
#privates = 226091, #shared = 23909, #ghose = 25144
#privates = 225944, #shared = 24056, #ghose = 25063
#privates = 226075, #shared = 23925, #ghose = 25035
#privates = 226260, #shared = 23740, #ghose = 25245
#privates = 226425, #shared = 23575, #ghose = 25183
#privates = 226371, #shared = 23629, #ghose = 25002
#privates = 226240, #shared = 23760, #ghose = 24876
#privates = 226151, #shared = 23849, #ghose = 24961
#privates = 226441, #shared = 23559, #ghose = 24823
#privates = 226385, #shared = 23615, #ghose = 24806
#privates = 226085, #shared = 23915, #ghose = 25011
#privates = 226317, #shared = 23683, #ghose = 24978
#privates = 225968, #shared = 24032, #ghose = 24752
#privates = 226145, #shared = 23855, #ghose = 25196
#privates = 226239, #shared = 23761, #ghose = 24893
#privates = 226260, #shared = 23740, #ghose = 25105
#privates = 226244, #shared = 23756, #ghose = 24803
#privates = 226196, #shared = 23804, #ghose = 24941
#privates = 226415, #shared = 23585, #ghose = 24872
#privates = 226316, #shared = 23684, #ghose = 24966
#privates = 226166, #shared = 23834, #ghose = 25030
#privates = 226245, #shared = 23755, #ghose = 24976
#privates = 225963, #shared = 24037, #ghose = 25091
#privates = 226200, #shared = 23800, #ghose = 25036
#privates = 225967, #shared = 24033, #ghose = 25071
#privates = 226350, #shared = 23650, #ghose = 25299
#privates = 226412, #shared = 23588, #ghose = 25350
#privates = 226000, #shared = 24000, #ghose = 24957
#privates = 226170, #shared = 23830, #ghose = 24704
#privates = 226386, #shared = 23614, #ghose = 24737
#privates = 226054, #shared = 23946, #ghose = 24918
#privates = 226213, #shared = 23787, #ghose = 24972
#privates = 226131, #shared = 23869, #ghose = 24848
#privates = 226152, #shared = 23848, #ghose = 25204
#privates = 226235, #shared = 23765, #ghose = 24819
#privates = 226083, #shared = 23917, #ghose = 25042
#privates = 226331, #shared = 23669, #ghose = 25137
#privates = 226165, #shared = 23835, #ghose = 24820
#privates = 226068, #shared = 23932, #ghose = 25246
#privates = 226018, #shared = 23982, #ghose = 24927
#privates = 226363, #shared = 23637, #ghose = 24888
#privates = 226394, #shared = 23606, #ghose = 25421
#privates = 226404, #shared = 23596, #ghose = 24789
[0 - 2b6a9e41e700] {3}{circuit}: Finished initializing simulation...
[PROF] before init = 113263 ms
[PROF] after init = 115253 ms
Starting main simulation loop
[0 - 2b6a9e416700] {4}{runtime}: Region requirements 3 and 3 of index task calc_new_currents (UID 640) in parent task top_level (UID 64) are interfering.  This behavior is currently undefined. You better really know what you are doing.
[0 - 2b6a9e416700] {4}{runtime}: Region requirements 2 and 2 of index task distribute_charge (UID 704) in parent task top_level (UID 64) are interfering.  This behavior is currently undefined. You better really know what you are doing.
[0 - 2b6a9e416700] {4}{runtime}: Region requirements 3 and 3 of index task calc_new_currents (UID 832) in parent task top_level (UID 64) are interfering.  This behavior is currently undefined. You better really know what you are doing.
[0 - 2b6a9e416700] {4}{runtime}: Region requirements 2 and 2 of index task distribute_charge (UID 896) in parent task top_level (UID 64) are interfering.  This behavior is currently undefined. You better really know what you are doing.
[0 - 2b6a9e416700] {4}{runtime}: Region requirements 3 and 3 of index task calc_new_currents (UID 1024) in parent task top_level (UID 64) are interfering.  This behavior is currently undefined. You better really know what you are doing.
[0 - 2b6a9e416700] {4}{runtime}: Region requirements 2 and 2 of index task distribute_charge (UID 1088) in parent task top_level (UID 64) are interfering.  This behavior is currently undefined. You better really know what you are doing.
[0 - 2b6a9e416700] {4}{runtime}: Region requirements 3 and 3 of index task calc_new_currents (UID 1216) in parent task top_level (UID 64) are interfering.  This behavior is currently undefined. You better really know what you are doing.
[0 - 2b6a9e416700] {4}{runtime}: Region requirements 2 and 2 of index task distribute_charge (UID 1280) in parent task top_level (UID 64) are interfering.  This behavior is currently undefined. You better really know what you are doing.
[0 - 2b6a9e416700] {4}{runtime}: Region requirements 3 and 3 of index task calc_new_currents (UID 1408) in parent task top_level (UID 64) are interfering.  This behavior is currently undefined. You better really know what you are doing.
[0 - 2b6a9e416700] {4}{runtime}: Region requirements 2 and 2 of index task distribute_charge (UID 1472) in parent task top_level (UID 64) are interfering.  This behavior is currently undefined. You better really know what you are doing.
[0 - 2b6a9e416700] {4}{runtime}: Region requirements 3 and 3 of index task calc_new_currents (UID 1600) in parent task top_level (UID 64) are interfering.  This behavior is currently undefined. You better really know what you are doing.
[0 - 2b6a9e416700] {4}{runtime}: Region requirements 2 and 2 of index task distribute_charge (UID 1664) in parent task top_level (UID 64) are interfering.  This behavior is currently undefined. You better really know what you are doing.
[0 - 2b6a9e416700] {4}{runtime}: Region requirements 3 and 3 of index task calc_new_currents (UID 1792) in parent task top_level (UID 64) are interfering.  This behavior is currently undefined. You better really know what you are doing.
[0 - 2b6a9e416700] {4}{runtime}: Region requirements 2 and 2 of index task distribute_charge (UID 1856) in parent task top_level (UID 64) are interfering.  This behavior is currently undefined. You better really know what you are doing.
[0 - 2b6a9e416700] {4}{runtime}: Region requirements 3 and 3 of index task calc_new_currents (UID 1984) in parent task top_level (UID 64) are interfering.  This behavior is currently undefined. You better really know what you are doing.
[0 - 2b6a9e416700] {4}{runtime}: Region requirements 2 and 2 of index task distribute_charge (UID 2048) in parent task top_level (UID 64) are interfering.  This behavior is currently undefined. You better really know what you are doing.
[0 - 2b6a9e416700] {4}{runtime}: Region requirements 3 and 3 of index task calc_new_currents (UID 2176) in parent task top_level (UID 64) are interfering.  This behavior is currently undefined. You better really know what you are doing.
[0 - 2b6a9e416700] {4}{runtime}: Region requirements 2 and 2 of index task distribute_charge (UID 2240) in parent task top_level (UID 64) are interfering.  This behavior is currently undefined. You better really know what you are doing.
[0 - 2b6a9e416700] {4}{runtime}: Region requirements 3 and 3 of index task calc_new_currents (UID 2368) in parent task top_level (UID 64) are interfering.  This behavior is currently undefined. You better really know what you are doing.
[0 - 2b6a9e416700] {4}{runtime}: Region requirements 2 and 2 of index task distribute_charge (UID 2432) in parent task top_level (UID 64) are interfering.  This behavior is currently undefined. You better really know what you are doing.
[0 - 2b6a9e416700] {4}{runtime}: Region requirements 3 and 3 of index task calc_new_currents (UID 2560) in parent task top_level (UID 64) are interfering.  This behavior is currently undefined. You better really know what you are doing.
[0 - 2b6a9e416700] {4}{runtime}: Region requirements 2 and 2 of index task distribute_charge (UID 2624) in parent task top_level (UID 64) are interfering.  This behavior is currently undefined. You better really know what you are doing.
[0 - 2b6a9e416700] {4}{runtime}: Region requirements 3 and 3 of index task calc_new_currents (UID 2752) in parent task top_level (UID 64) are interfering.  This behavior is currently undefined. You better really know what you are doing.
[0 - 2b6a9e416700] {4}{runtime}: Region requirements 2 and 2 of index task distribute_charge (UID 2816) in parent task top_level (UID 64) are interfering.  This behavior is currently undefined. You better really know what you are doing.
[0 - 2b6a9e416700] {4}{runtime}: Region requirements 3 and 3 of index task calc_new_currents (UID 2944) in parent task top_level (UID 64) are interfering.  This behavior is currently undefined. You better really know what you are doing.
[0 - 2b6a9e416700] {4}{runtime}: Region requirements 2 and 2 of index task distribute_charge (UID 3008) in parent task top_level (UID 64) are interfering.  This behavior is currently undefined. You better really know what you are doing.
[0 - 2b6a9e416700] {4}{runtime}: Region requirements 3 and 3 of index task calc_new_currents (UID 3136) in parent task top_level (UID 64) are interfering.  This behavior is currently undefined. You better really know what you are doing.
[0 - 2b6a9e416700] {4}{runtime}: Region requirements 2 and 2 of index task distribute_charge (UID 3200) in parent task top_level (UID 64) are interfering.  This behavior is currently undefined. You better really know what you are doing.
[0 - 2b6a9e416700] {4}{runtime}: Region requirements 3 and 3 of index task calc_new_currents (UID 3328) in parent task top_level (UID 64) are interfering.  This behavior is currently undefined. You better really know what you are doing.
[0 - 2b6a9e416700] {4}{runtime}: Region requirements 2 and 2 of index task distribute_charge (UID 3392) in parent task top_level (UID 64) are interfering.  This behavior is currently undefined. You better really know what you are doing.
[0 - 2b6a9e416700] {4}{runtime}: Region requirements 3 and 3 of index task calc_new_currents (UID 3520) in parent task top_level (UID 64) are interfering.  This behavior is currently undefined. You better really know what you are doing.
[0 - 2b6a9e416700] {4}{runtime}: Region requirements 2 and 2 of index task distribute_charge (UID 3584) in parent task top_level (UID 64) are interfering.  This behavior is currently undefined. You better really know what you are doing.
[0 - 2b6a9e416700] {4}{runtime}: Region requirements 3 and 3 of index task calc_new_currents (UID 3712) in parent task top_level (UID 64) are interfering.  This behavior is currently undefined. You better really know what you are doing.
[0 - 2b6a9e416700] {4}{runtime}: Region requirements 2 and 2 of index task distribute_charge (UID 3776) in parent task top_level (UID 64) are interfering.  This behavior is currently undefined. You better really know what you are doing.
[0 - 2b6a9e416700] {4}{runtime}: Region requirements 3 and 3 of index task calc_new_currents (UID 3904) in parent task top_level (UID 64) are interfering.  This behavior is currently undefined. You better really know what you are doing.
[0 - 2b6a9e416700] {4}{runtime}: Region requirements 2 and 2 of index task distribute_charge (UID 3968) in parent task top_level (UID 64) are interfering.  This behavior is currently undefined. You better really know what you are doing.
[0 - 2b6a9e416700] {4}{runtime}: Region requirements 3 and 3 of index task calc_new_currents (UID 4096) in parent task top_level (UID 64) are interfering.  This behavior is currently undefined. You better really know what you are doing.
[0 - 2b6a9e416700] {4}{runtime}: Region requirements 2 and 2 of index task distribute_charge (UID 4160) in parent task top_level (UID 64) are interfering.  This behavior is currently undefined. You better really know what you are doing.
[0 - 2b6a9e416700] {4}{runtime}: Region requirements 3 and 3 of index task calc_new_currents (UID 4288) in parent task top_level (UID 64) are interfering.  This behavior is currently undefined. You better really know what you are doing.
[0 - 2b6a9e416700] {4}{runtime}: Region requirements 2 and 2 of index task distribute_charge (UID 4352) in parent task top_level (UID 64) are interfering.  This behavior is currently undefined. You better really know what you are doing.
[0 - 2b6a9e416700] {4}{runtime}: Region requirements 3 and 3 of index task calc_new_currents (UID 4480) in parent task top_level (UID 64) are interfering.  This behavior is currently undefined. You better really know what you are doing.
[0 - 2b6a9e416700] {4}{runtime}: Region requirements 2 and 2 of index task distribute_charge (UID 4544) in parent task top_level (UID 64) are interfering.  This behavior is currently undefined. You better really know what you are doing.
[0 - 2b6a9e416700] {4}{runtime}: Region requirements 3 and 3 of index task calc_new_currents (UID 4672) in parent task top_level (UID 64) are interfering.  This behavior is currently undefined. You better really know what you are doing.
[0 - 2b6a9e416700] {4}{runtime}: Region requirements 2 and 2 of index task distribute_charge (UID 4736) in parent task top_level (UID 64) are interfering.  This behavior is currently undefined. You better really know what you are doing.
[0 - 2b6a9e416700] {4}{runtime}: Region requirements 3 and 3 of index task calc_new_currents (UID 4864) in parent task top_level (UID 64) are interfering.  This behavior is currently undefined. You better really know what you are doing.
[0 - 2b6a9e416700] {4}{runtime}: Region requirements 2 and 2 of index task distribute_charge (UID 4928) in parent task top_level (UID 64) are interfering.  This behavior is currently undefined. You better really know what you are doing.
[0 - 2b6a9e416700] {4}{runtime}: Region requirements 3 and 3 of index task calc_new_currents (UID 5056) in parent task top_level (UID 64) are interfering.  This behavior is currently undefined. You better really know what you are doing.
[0 - 2b6a9e416700] {4}{runtime}: Region requirements 2 and 2 of index task distribute_charge (UID 5120) in parent task top_level (UID 64) are interfering.  This behavior is currently undefined. You better really know what you are doing.
[0 - 2b6a9e416700] {4}{runtime}: Region requirements 3 and 3 of index task calc_new_currents (UID 5248) in parent task top_level (UID 64) are interfering.  This behavior is currently undefined. You better really know what you are doing.
[0 - 2b6a9e416700] {4}{runtime}: Region requirements 2 and 2 of index task distribute_charge (UID 5312) in parent task top_level (UID 64) are interfering.  This behavior is currently undefined. You better really know what you are doing.
[0 - 2b6a9e416700] {4}{runtime}: Region requirements 3 and 3 of index task calc_new_currents (UID 5440) in parent task top_level (UID 64) are interfering.  This behavior is currently undefined. You better really know what you are doing.
[0 - 2b6a9e416700] {4}{runtime}: Region requirements 2 and 2 of index task distribute_charge (UID 5504) in parent task top_level (UID 64) are interfering.  This behavior is currently undefined. You better really know what you are doing.
[0 - 2b6a9e416700] {4}{runtime}: Region requirements 3 and 3 of index task calc_new_currents (UID 5632) in parent task top_level (UID 64) are interfering.  This behavior is currently undefined. You better really know what you are doing.
[0 - 2b6a9e416700] {4}{runtime}: Region requirements 2 and 2 of index task distribute_charge (UID 5696) in parent task top_level (UID 64) are interfering.  This behavior is currently undefined. You better really know what you are doing.
[0 - 2b6a9e416700] {4}{runtime}: Region requirements 3 and 3 of index task calc_new_currents (UID 5824) in parent task top_level (UID 64) are interfering.  This behavior is currently undefined. You better really know what you are doing.
[0 - 2b6a9e416700] {4}{runtime}: Region requirements 2 and 2 of index task distribute_charge (UID 5888) in parent task top_level (UID 64) are interfering.  This behavior is currently undefined. You better really know what you are doing.
[0 - 2b6a9e416700] {4}{runtime}: Region requirements 3 and 3 of index task calc_new_currents (UID 6016) in parent task top_level (UID 64) are interfering.  This behavior is currently undefined. You better really know what you are doing.
[0 - 2b6a9e416700] {4}{runtime}: Region requirements 2 and 2 of index task distribute_charge (UID 6080) in parent task top_level (UID 64) are interfering.  This behavior is currently undefined. You better really know what you are doing.
[0 - 2b6a9e416700] {4}{runtime}: Region requirements 3 and 3 of index task calc_new_currents (UID 6208) in parent task top_level (UID 64) are interfering.  This behavior is currently undefined. You better really know what you are doing.
[0 - 2b6a9e416700] {4}{runtime}: Region requirements 2 and 2 of index task distribute_charge (UID 6272) in parent task top_level (UID 64) are interfering.  This behavior is currently undefined. You better really know what you are doing.
[0 - 2b6a9e416700] {4}{runtime}: Region requirements 3 and 3 of index task calc_new_currents (UID 6400) in parent task top_level (UID 64) are interfering.  This behavior is currently undefined. You better really know what you are doing.
[0 - 2b6a9e416700] {4}{runtime}: Region requirements 2 and 2 of index task distribute_charge (UID 6464) in parent task top_level (UID 64) are interfering.  This behavior is currently undefined. You better really know what you are doing.
[0 - 2b6a9e416700] {4}{runtime}: Region requirements 3 and 3 of index task calc_new_currents (UID 6592) in parent task top_level (UID 64) are interfering.  This behavior is currently undefined. You better really know what you are doing.
[0 - 2b6a9e416700] {4}{runtime}: Region requirements 2 and 2 of index task distribute_charge (UID 6656) in parent task top_level (UID 64) are interfering.  This behavior is currently undefined. You better really know what you are doing.
[0 - 2b6a9e416700] {4}{runtime}: Region requirements 3 and 3 of index task calc_new_currents (UID 6784) in parent task top_level (UID 64) are interfering.  This behavior is currently undefined. You better really know what you are doing.
[0 - 2b6a9e416700] {4}{runtime}: Region requirements 2 and 2 of index task distribute_charge (UID 6848) in parent task top_level (UID 64) are interfering.  This behavior is currently undefined. You better really know what you are doing.
[0 - 2b6a9e416700] {4}{runtime}: Region requirements 3 and 3 of index task calc_new_currents (UID 6976) in parent task top_level (UID 64) are interfering.  This behavior is currently undefined. You better really know what you are doing.
[0 - 2b6a9e416700] {4}{runtime}: Region requirements 2 and 2 of index task distribute_charge (UID 7040) in parent task top_level (UID 64) are interfering.  This behavior is currently undefined. You better really know what you are doing.
[0 - 2b6a9e416700] {4}{runtime}: Region requirements 3 and 3 of index task calc_new_currents (UID 7168) in parent task top_level (UID 64) are interfering.  This behavior is currently undefined. You better really know what you are doing.
[0 - 2b6a9e416700] {4}{runtime}: Region requirements 2 and 2 of index task distribute_charge (UID 7232) in parent task top_level (UID 64) are interfering.  This behavior is currently undefined. You better really know what you are doing.
[0 - 2b6a9e416700] {4}{runtime}: Region requirements 3 and 3 of index task calc_new_currents (UID 7360) in parent task top_level (UID 64) are interfering.  This behavior is currently undefined. You better really know what you are doing.
[0 - 2b6a9e416700] {4}{runtime}: Region requirements 2 and 2 of index task distribute_charge (UID 7424) in parent task top_level (UID 64) are interfering.  This behavior is currently undefined. You better really know what you are doing.
[0 - 2b6a9e416700] {4}{runtime}: Region requirements 3 and 3 of index task calc_new_currents (UID 7552) in parent task top_level (UID 64) are interfering.  This behavior is currently undefined. You better really know what you are doing.
[0 - 2b6a9e416700] {4}{runtime}: Region requirements 2 and 2 of index task distribute_charge (UID 7616) in parent task top_level (UID 64) are interfering.  This behavior is currently undefined. You better really know what you are doing.
[0 - 2b6a9e416700] {4}{runtime}: Region requirements 3 and 3 of index task calc_new_currents (UID 7744) in parent task top_level (UID 64) are interfering.  This behavior is currently undefined. You better really know what you are doing.
[0 - 2b6a9e416700] {4}{runtime}: Region requirements 2 and 2 of index task distribute_charge (UID 7808) in parent task top_level (UID 64) are interfering.  This behavior is currently undefined. You better really know what you are doing.
[0 - 2b6a9e416700] {4}{runtime}: Region requirements 3 and 3 of index task calc_new_currents (UID 7936) in parent task top_level (UID 64) are interfering.  This behavior is currently undefined. You better really know what you are doing.
[0 - 2b6a9e416700] {4}{runtime}: Region requirements 2 and 2 of index task distribute_charge (UID 8000) in parent task top_level (UID 64) are interfering.  This behavior is currently undefined. You better really know what you are doing.
[0 - 2b6a9e416700] {4}{runtime}: Region requirements 3 and 3 of index task calc_new_currents (UID 8128) in parent task top_level (UID 64) are interfering.  This behavior is currently undefined. You better really know what you are doing.
[0 - 2b6a9e416700] {4}{runtime}: Region requirements 2 and 2 of index task distribute_charge (UID 8192) in parent task top_level (UID 64) are interfering.  This behavior is currently undefined. You better really know what you are doing.
[0 - 2b6a9e416700] {4}{runtime}: Region requirements 3 and 3 of index task calc_new_currents (UID 8320) in parent task top_level (UID 64) are interfering.  This behavior is currently undefined. You better really know what you are doing.
[0 - 2b6a9e416700] {4}{runtime}: Region requirements 2 and 2 of index task distribute_charge (UID 8384) in parent task top_level (UID 64) are interfering.  This behavior is currently undefined. You better really know what you are doing.
[0 - 2b6a9e416700] {4}{runtime}: Region requirements 3 and 3 of index task calc_new_currents (UID 8512) in parent task top_level (UID 64) are interfering.  This behavior is currently undefined. You better really know what you are doing.
[0 - 2b6a9e416700] {4}{runtime}: Region requirements 2 and 2 of index task distribute_charge (UID 8576) in parent task top_level (UID 64) are interfering.  This behavior is currently undefined. You better really know what you are doing.
[0 - 2b6a9e416700] {4}{runtime}: Region requirements 3 and 3 of index task calc_new_currents (UID 8704) in parent task top_level (UID 64) are interfering.  This behavior is currently undefined. You better really know what you are doing.
[0 - 2b6a9e416700] {4}{runtime}: Region requirements 2 and 2 of index task distribute_charge (UID 8768) in parent task top_level (UID 64) are interfering.  This behavior is currently undefined. You better really know what you are doing.
[0 - 2b6a9e416700] {4}{runtime}: Region requirements 3 and 3 of index task calc_new_currents (UID 8896) in parent task top_level (UID 64) are interfering.  This behavior is currently undefined. You better really know what you are doing.
[0 - 2b6a9e416700] {4}{runtime}: Region requirements 2 and 2 of index task distribute_charge (UID 8960) in parent task top_level (UID 64) are interfering.  This behavior is currently undefined. You better really know what you are doing.
[0 - 2b6a9e416700] {4}{runtime}: Region requirements 3 and 3 of index task calc_new_currents (UID 9088) in parent task top_level (UID 64) are interfering.  This behavior is currently undefined. You better really know what you are doing.
[0 - 2b6a9e416700] {4}{runtime}: Region requirements 2 and 2 of index task distribute_charge (UID 9152) in parent task top_level (UID 64) are interfering.  This behavior is currently undefined. You better really know what you are doing.
[0 - 2b6a9e416700] {4}{runtime}: Region requirements 3 and 3 of index task calc_new_currents (UID 9280) in parent task top_level (UID 64) are interfering.  This behavior is currently undefined. You better really know what you are doing.
[0 - 2b6a9e416700] {4}{runtime}: Region requirements 2 and 2 of index task distribute_charge (UID 9344) in parent task top_level (UID 64) are interfering.  This behavior is currently undefined. You better really know what you are doing.
[0 - 2b6a9e416700] {4}{runtime}: Region requirements 3 and 3 of index task calc_new_currents (UID 9472) in parent task top_level (UID 64) are interfering.  This behavior is currently undefined. You better really know what you are doing.
[0 - 2b6a9e416700] {4}{runtime}: Region requirements 2 and 2 of index task distribute_charge (UID 9536) in parent task top_level (UID 64) are interfering.  This behavior is currently undefined. You better really know what you are doing.
[0 - 2b6a9e416700] {4}{runtime}: Region requirements 3 and 3 of index task calc_new_currents (UID 9664) in parent task top_level (UID 64) are interfering.  This behavior is currently undefined. You better really know what you are doing.
[0 - 2b6a9e416700] {4}{runtime}: Region requirements 2 and 2 of index task distribute_charge (UID 9728) in parent task top_level (UID 64) are interfering.  This behavior is currently undefined. You better really know what you are doing.
[0 - 2b6a9e416700] {4}{runtime}: Region requirements 3 and 3 of index task calc_new_currents (UID 9856) in parent task top_level (UID 64) are interfering.  This behavior is currently undefined. You better really know what you are doing.
[0 - 2b6a9e416700] {4}{runtime}: Region requirements 2 and 2 of index task distribute_charge (UID 9920) in parent task top_level (UID 64) are interfering.  This behavior is currently undefined. You better really know what you are doing.
[0 - 2b6a9e416700] {4}{runtime}: Region requirements 3 and 3 of index task calc_new_currents (UID 10048) in parent task top_level (UID 64) are interfering.  This behavior is currently undefined. You better really know what you are doing.
[0 - 2b6a9e416700] {4}{runtime}: Region requirements 2 and 2 of index task distribute_charge (UID 10112) in parent task top_level (UID 64) are interfering.  This behavior is currently undefined. You better really know what you are doing.
[0 - 2b6a9e416700] {4}{runtime}: Region requirements 3 and 3 of index task calc_new_currents (UID 10240) in parent task top_level (UID 64) are interfering.  This behavior is currently undefined. You better really know what you are doing.
[0 - 2b6a9e416700] {4}{runtime}: Region requirements 2 and 2 of index task distribute_charge (UID 10304) in parent task top_level (UID 64) are interfering.  This behavior is currently undefined. You better really know what you are doing.
[0 - 2b6a9e416700] {4}{runtime}: Region requirements 3 and 3 of index task calc_new_currents (UID 10432) in parent task top_level (UID 64) are interfering.  This behavior is currently undefined. You better really know what you are doing.
[0 - 2b6a9e416700] {4}{runtime}: Region requirements 2 and 2 of index task distribute_charge (UID 10496) in parent task top_level (UID 64) are interfering.  This behavior is currently undefined. You better really know what you are doing.
[0 - 2b6a9e416700] {4}{runtime}: Region requirements 3 and 3 of index task calc_new_currents (UID 10624) in parent task top_level (UID 64) are interfering.  This behavior is currently undefined. You better really know what you are doing.
[0 - 2b6a9e416700] {4}{runtime}: Region requirements 2 and 2 of index task distribute_charge (UID 10688) in parent task top_level (UID 64) are interfering.  This behavior is currently undefined. You better really know what you are doing.
[0 - 2b6a9e416700] {4}{runtime}: Region requirements 3 and 3 of index task calc_new_currents (UID 10816) in parent task top_level (UID 64) are interfering.  This behavior is currently undefined. You better really know what you are doing.
[0 - 2b6a9e416700] {4}{runtime}: Region requirements 2 and 2 of index task distribute_charge (UID 10880) in parent task top_level (UID 64) are interfering.  This behavior is currently undefined. You better really know what you are doing.
[0 - 2b6a9e416700] {4}{runtime}: Region requirements 3 and 3 of index task calc_new_currents (UID 11008) in parent task top_level (UID 64) are interfering.  This behavior is currently undefined. You better really know what you are doing.
[0 - 2b6a9e416700] {4}{runtime}: Region requirements 2 and 2 of index task distribute_charge (UID 11072) in parent task top_level (UID 64) are interfering.  This behavior is currently undefined. You better really know what you are doing.
[0 - 2b6a9e416700] {4}{runtime}: Region requirements 3 and 3 of index task calc_new_currents (UID 11200) in parent task top_level (UID 64) are interfering.  This behavior is currently undefined. You better really know what you are doing.
[0 - 2b6a9e416700] {4}{runtime}: Region requirements 2 and 2 of index task distribute_charge (UID 11264) in parent task top_level (UID 64) are interfering.  This behavior is currently undefined. You better really know what you are doing.
[0 - 2b6a9e416700] {4}{runtime}: Region requirements 3 and 3 of index task calc_new_currents (UID 11392) in parent task top_level (UID 64) are interfering.  This behavior is currently undefined. You better really know what you are doing.
[0 - 2b6a9e416700] {4}{runtime}: Region requirements 2 and 2 of index task distribute_charge (UID 11456) in parent task top_level (UID 64) are interfering.  This behavior is currently undefined. You better really know what you are doing.
[0 - 2b6a9e416700] {4}{runtime}: Region requirements 3 and 3 of index task calc_new_currents (UID 11584) in parent task top_level (UID 64) are interfering.  This behavior is currently undefined. You better really know what you are doing.
[0 - 2b6a9e416700] {4}{runtime}: Region requirements 2 and 2 of index task distribute_charge (UID 11648) in parent task top_level (UID 64) are interfering.  This behavior is currently undefined. You better really know what you are doing.
[0 - 2b6a9e416700] {4}{runtime}: Region requirements 3 and 3 of index task calc_new_currents (UID 11776) in parent task top_level (UID 64) are interfering.  This behavior is currently undefined. You better really know what you are doing.
[0 - 2b6a9e416700] {4}{runtime}: Region requirements 2 and 2 of index task distribute_charge (UID 11840) in parent task top_level (UID 64) are interfering.  This behavior is currently undefined. You better really know what you are doing.
[0 - 2b6a9e416700] {4}{runtime}: Region requirements 3 and 3 of index task calc_new_currents (UID 11968) in parent task top_level (UID 64) are interfering.  This behavior is currently undefined. You better really know what you are doing.
[0 - 2b6a9e416700] {4}{runtime}: Region requirements 2 and 2 of index task distribute_charge (UID 12032) in parent task top_level (UID 64) are interfering.  This behavior is currently undefined. You better really know what you are doing.
[0 - 2b6a9e416700] {4}{runtime}: Region requirements 3 and 3 of index task calc_new_currents (UID 12160) in parent task top_level (UID 64) are interfering.  This behavior is currently undefined. You better really know what you are doing.
[0 - 2b6a9e416700] {4}{runtime}: Region requirements 2 and 2 of index task distribute_charge (UID 12224) in parent task top_level (UID 64) are interfering.  This behavior is currently undefined. You better really know what you are doing.
[0 - 2b6a9e416700] {4}{runtime}: Region requirements 3 and 3 of index task calc_new_currents (UID 12352) in parent task top_level (UID 64) are interfering.  This behavior is currently undefined. You better really know what you are doing.
[0 - 2b6a9e416700] {4}{runtime}: Region requirements 2 and 2 of index task distribute_charge (UID 12416) in parent task top_level (UID 64) are interfering.  This behavior is currently undefined. You better really know what you are doing.
[0 - 2b6a9e416700] {4}{runtime}: Region requirements 3 and 3 of index task calc_new_currents (UID 12544) in parent task top_level (UID 64) are interfering.  This behavior is currently undefined. You better really know what you are doing.
[0 - 2b6a9e416700] {4}{runtime}: Region requirements 2 and 2 of index task distribute_charge (UID 12608) in parent task top_level (UID 64) are interfering.  This behavior is currently undefined. You better really know what you are doing.
[0 - 2b6a9e416700] {4}{runtime}: Region requirements 3 and 3 of index task calc_new_currents (UID 12736) in parent task top_level (UID 64) are interfering.  This behavior is currently undefined. You better really know what you are doing.
[0 - 2b6a9e416700] {4}{runtime}: Region requirements 2 and 2 of index task distribute_charge (UID 12800) in parent task top_level (UID 64) are interfering.  This behavior is currently undefined. You better really know what you are doing.
[0 - 2b6a9e416700] {4}{runtime}: Region requirements 3 and 3 of index task calc_new_currents (UID 12928) in parent task top_level (UID 64) are interfering.  This behavior is currently undefined. You better really know what you are doing.
[0 - 2b6a9e416700] {4}{runtime}: Region requirements 2 and 2 of index task distribute_charge (UID 12992) in parent task top_level (UID 64) are interfering.  This behavior is currently undefined. You better really know what you are doing.
[0 - 2b6a9e416700] {4}{runtime}: Region requirements 3 and 3 of index task calc_new_currents (UID 13120) in parent task top_level (UID 64) are interfering.  This behavior is currently undefined. You better really know what you are doing.
[0 - 2b6a9e416700] {4}{runtime}: Region requirements 2 and 2 of index task distribute_charge (UID 13184) in parent task top_level (UID 64) are interfering.  This behavior is currently undefined. You better really know what you are doing.
[0 - 2b6a9e416700] {4}{runtime}: Region requirements 3 and 3 of index task calc_new_currents (UID 13312) in parent task top_level (UID 64) are interfering.  This behavior is currently undefined. You better really know what you are doing.
[0 - 2b6a9e416700] {4}{runtime}: Region requirements 2 and 2 of index task distribute_charge (UID 13376) in parent task top_level (UID 64) are interfering.  This behavior is currently undefined. You better really know what you are doing.
[0 - 2b6a9e416700] {4}{runtime}: Region requirements 3 and 3 of index task calc_new_currents (UID 13504) in parent task top_level (UID 64) are interfering.  This behavior is currently undefined. You better really know what you are doing.
[0 - 2b6a9e416700] {4}{runtime}: Region requirements 2 and 2 of index task distribute_charge (UID 13568) in parent task top_level (UID 64) are interfering.  This behavior is currently undefined. You better really know what you are doing.
[0 - 2b6a9e416700] {4}{runtime}: Region requirements 3 and 3 of index task calc_new_currents (UID 13696) in parent task top_level (UID 64) are interfering.  This behavior is currently undefined. You better really know what you are doing.
[0 - 2b6a9e416700] {4}{runtime}: Region requirements 2 and 2 of index task distribute_charge (UID 13760) in parent task top_level (UID 64) are interfering.  This behavior is currently undefined. You better really know what you are doing.
[0 - 2b6a9e416700] {4}{runtime}: Region requirements 3 and 3 of index task calc_new_currents (UID 13888) in parent task top_level (UID 64) are interfering.  This behavior is currently undefined. You better really know what you are doing.
[0 - 2b6a9e416700] {4}{runtime}: Region requirements 2 and 2 of index task distribute_charge (UID 13952) in parent task top_level (UID 64) are interfering.  This behavior is currently undefined. You better really know what you are doing.
[0 - 2b6a9e416700] {4}{runtime}: Region requirements 3 and 3 of index task calc_new_currents (UID 14080) in parent task top_level (UID 64) are interfering.  This behavior is currently undefined. You better really know what you are doing.
[0 - 2b6a9e416700] {4}{runtime}: Region requirements 2 and 2 of index task distribute_charge (UID 14144) in parent task top_level (UID 64) are interfering.  This behavior is currently undefined. You better really know what you are doing.
[0 - 2b6a9e416700] {4}{runtime}: Region requirements 3 and 3 of index task calc_new_currents (UID 14272) in parent task top_level (UID 64) are interfering.  This behavior is currently undefined. You better really know what you are doing.
[0 - 2b6a9e416700] {4}{runtime}: Region requirements 2 and 2 of index task distribute_charge (UID 14336) in parent task top_level (UID 64) are interfering.  This behavior is currently undefined. You better really know what you are doing.
[0 - 2b6a9e416700] {4}{runtime}: Region requirements 3 and 3 of index task calc_new_currents (UID 14464) in parent task top_level (UID 64) are interfering.  This behavior is currently undefined. You better really know what you are doing.
[0 - 2b6a9e416700] {4}{runtime}: Region requirements 2 and 2 of index task distribute_charge (UID 14528) in parent task top_level (UID 64) are interfering.  This behavior is currently undefined. You better really know what you are doing.
[0 - 2b6a9e416700] {4}{runtime}: Region requirements 3 and 3 of index task calc_new_currents (UID 14656) in parent task top_level (UID 64) are interfering.  This behavior is currently undefined. You better really know what you are doing.
[0 - 2b6a9e416700] {4}{runtime}: Region requirements 2 and 2 of index task distribute_charge (UID 14720) in parent task top_level (UID 64) are interfering.  This behavior is currently undefined. You better really know what you are doing.
[0 - 2b6a9e416700] {4}{runtime}: Region requirements 3 and 3 of index task calc_new_currents (UID 14848) in parent task top_level (UID 64) are interfering.  This behavior is currently undefined. You better really know what you are doing.
[0 - 2b6a9e416700] {4}{runtime}: Region requirements 2 and 2 of index task distribute_charge (UID 14912) in parent task top_level (UID 64) are interfering.  This behavior is currently undefined. You better really know what you are doing.
[0 - 2b6a9e416700] {4}{runtime}: Region requirements 3 and 3 of index task calc_new_currents (UID 15040) in parent task top_level (UID 64) are interfering.  This behavior is currently undefined. You better really know what you are doing.
[0 - 2b6a9e416700] {4}{runtime}: Region requirements 2 and 2 of index task distribute_charge (UID 15104) in parent task top_level (UID 64) are interfering.  This behavior is currently undefined. You better really know what you are doing.
[0 - 2b6a9e416700] {4}{runtime}: Region requirements 3 and 3 of index task calc_new_currents (UID 15232) in parent task top_level (UID 64) are interfering.  This behavior is currently undefined. You better really know what you are doing.
[0 - 2b6a9e416700] {4}{runtime}: Region requirements 2 and 2 of index task distribute_charge (UID 15296) in parent task top_level (UID 64) are interfering.  This behavior is currently undefined. You better really know what you are doing.
[0 - 2b6a9e416700] {4}{runtime}: Region requirements 3 and 3 of index task calc_new_currents (UID 15424) in parent task top_level (UID 64) are interfering.  This behavior is currently undefined. You better really know what you are doing.
[0 - 2b6a9e416700] {4}{runtime}: Region requirements 2 and 2 of index task distribute_charge (UID 15488) in parent task top_level (UID 64) are interfering.  This behavior is currently undefined. You better really know what you are doing.
[0 - 2b6a9e416700] {4}{runtime}: Region requirements 3 and 3 of index task calc_new_currents (UID 15616) in parent task top_level (UID 64) are interfering.  This behavior is currently undefined. You better really know what you are doing.
[0 - 2b6a9e416700] {4}{runtime}: Region requirements 2 and 2 of index task distribute_charge (UID 15680) in parent task top_level (UID 64) are interfering.  This behavior is currently undefined. You better really know what you are doing.
[0 - 2b6a9e416700] {4}{runtime}: Region requirements 3 and 3 of index task calc_new_currents (UID 15808) in parent task top_level (UID 64) are interfering.  This behavior is currently undefined. You better really know what you are doing.
[0 - 2b6a9e416700] {4}{runtime}: Region requirements 2 and 2 of index task distribute_charge (UID 15872) in parent task top_level (UID 64) are interfering.  This behavior is currently undefined. You better really know what you are doing.
[0 - 2b6a9e416700] {4}{runtime}: Region requirements 3 and 3 of index task calc_new_currents (UID 16000) in parent task top_level (UID 64) are interfering.  This behavior is currently undefined. You better really know what you are doing.
[0 - 2b6a9e416700] {4}{runtime}: Region requirements 2 and 2 of index task distribute_charge (UID 16064) in parent task top_level (UID 64) are interfering.  This behavior is currently undefined. You better really know what you are doing.
[0 - 2b6a9e416700] {4}{runtime}: Region requirements 3 and 3 of index task calc_new_currents (UID 16192) in parent task top_level (UID 64) are interfering.  This behavior is currently undefined. You better really know what you are doing.
[0 - 2b6a9e416700] {4}{runtime}: Region requirements 2 and 2 of index task distribute_charge (UID 16256) in parent task top_level (UID 64) are interfering.  This behavior is currently undefined. You better really know what you are doing.
[0 - 2b6a9e416700] {4}{runtime}: Region requirements 3 and 3 of index task calc_new_currents (UID 16384) in parent task top_level (UID 64) are interfering.  This behavior is currently undefined. You better really know what you are doing.
[0 - 2b6a9e416700] {4}{runtime}: Region requirements 2 and 2 of index task distribute_charge (UID 16448) in parent task top_level (UID 64) are interfering.  This behavior is currently undefined. You better really know what you are doing.
[0 - 2b6a9e416700] {4}{runtime}: Region requirements 3 and 3 of index task calc_new_currents (UID 16576) in parent task top_level (UID 64) are interfering.  This behavior is currently undefined. You better really know what you are doing.
[0 - 2b6a9e416700] {4}{runtime}: Region requirements 2 and 2 of index task distribute_charge (UID 16640) in parent task top_level (UID 64) are interfering.  This behavior is currently undefined. You better really know what you are doing.
[0 - 2b6a9e416700] {4}{runtime}: Region requirements 3 and 3 of index task calc_new_currents (UID 16768) in parent task top_level (UID 64) are interfering.  This behavior is currently undefined. You better really know what you are doing.
[0 - 2b6a9e416700] {4}{runtime}: Region requirements 2 and 2 of index task distribute_charge (UID 16832) in parent task top_level (UID 64) are interfering.  This behavior is currently undefined. You better really know what you are doing.
[0 - 2b6a9e416700] {4}{runtime}: Region requirements 3 and 3 of index task calc_new_currents (UID 16960) in parent task top_level (UID 64) are interfering.  This behavior is currently undefined. You better really know what you are doing.
[0 - 2b6a9e416700] {4}{runtime}: Region requirements 2 and 2 of index task distribute_charge (UID 17024) in parent task top_level (UID 64) are interfering.  This behavior is currently undefined. You better really know what you are doing.
[0 - 2b6a9e416700] {4}{runtime}: Region requirements 3 and 3 of index task calc_new_currents (UID 17152) in parent task top_level (UID 64) are interfering.  This behavior is currently undefined. You better really know what you are doing.
[0 - 2b6a9e416700] {4}{runtime}: Region requirements 2 and 2 of index task distribute_charge (UID 17216) in parent task top_level (UID 64) are interfering.  This behavior is currently undefined. You better really know what you are doing.
[0 - 2b6a9e416700] {4}{runtime}: Region requirements 3 and 3 of index task calc_new_currents (UID 17344) in parent task top_level (UID 64) are interfering.  This behavior is currently undefined. You better really know what you are doing.
[0 - 2b6a9e416700] {4}{runtime}: Region requirements 2 and 2 of index task distribute_charge (UID 17408) in parent task top_level (UID 64) are interfering.  This behavior is currently undefined. You better really know what you are doing.
[0 - 2b6a9e416700] {4}{runtime}: Region requirements 3 and 3 of index task calc_new_currents (UID 17536) in parent task top_level (UID 64) are interfering.  This behavior is currently undefined. You better really know what you are doing.
[0 - 2b6a9e416700] {4}{runtime}: Region requirements 2 and 2 of index task distribute_charge (UID 17600) in parent task top_level (UID 64) are interfering.  This behavior is currently undefined. You better really know what you are doing.
[0 - 2b6a9e416700] {4}{runtime}: Region requirements 3 and 3 of index task calc_new_currents (UID 17728) in parent task top_level (UID 64) are interfering.  This behavior is currently undefined. You better really know what you are doing.
[0 - 2b6a9e416700] {4}{runtime}: Region requirements 2 and 2 of index task distribute_charge (UID 17792) in parent task top_level (UID 64) are interfering.  This behavior is currently undefined. You better really know what you are doing.
[0 - 2b6a9e416700] {4}{runtime}: Region requirements 3 and 3 of index task calc_new_currents (UID 17920) in parent task top_level (UID 64) are interfering.  This behavior is currently undefined. You better really know what you are doing.
[0 - 2b6a9e416700] {4}{runtime}: Region requirements 2 and 2 of index task distribute_charge (UID 17984) in parent task top_level (UID 64) are interfering.  This behavior is currently undefined. You better really know what you are doing.
[0 - 2b6a9e416700] {4}{runtime}: Region requirements 3 and 3 of index task calc_new_currents (UID 18112) in parent task top_level (UID 64) are interfering.  This behavior is currently undefined. You better really know what you are doing.
[0 - 2b6a9e416700] {4}{runtime}: Region requirements 2 and 2 of index task distribute_charge (UID 18176) in parent task top_level (UID 64) are interfering.  This behavior is currently undefined. You better really know what you are doing.
[0 - 2b6a9e416700] {4}{runtime}: Region requirements 3 and 3 of index task calc_new_currents (UID 18304) in parent task top_level (UID 64) are interfering.  This behavior is currently undefined. You better really know what you are doing.
[0 - 2b6a9e416700] {4}{runtime}: Region requirements 2 and 2 of index task distribute_charge (UID 18368) in parent task top_level (UID 64) are interfering.  This behavior is currently undefined. You better really know what you are doing.
[0 - 2b6a9e416700] {4}{runtime}: Region requirements 3 and 3 of index task calc_new_currents (UID 18496) in parent task top_level (UID 64) are interfering.  This behavior is currently undefined. You better really know what you are doing.
[0 - 2b6a9e416700] {4}{runtime}: Region requirements 2 and 2 of index task distribute_charge (UID 18560) in parent task top_level (UID 64) are interfering.  This behavior is currently undefined. You better really know what you are doing.
[0 - 2b6a9e416700] {4}{runtime}: Region requirements 3 and 3 of index task calc_new_currents (UID 18688) in parent task top_level (UID 64) are interfering.  This behavior is currently undefined. You better really know what you are doing.
[0 - 2b6a9e416700] {4}{runtime}: Region requirements 2 and 2 of index task distribute_charge (UID 18752) in parent task top_level (UID 64) are interfering.  This behavior is currently undefined. You better really know what you are doing.
[0 - 2b6a9e416700] {4}{runtime}: Region requirements 3 and 3 of index task calc_new_currents (UID 18880) in parent task top_level (UID 64) are interfering.  This behavior is currently undefined. You better really know what you are doing.
[0 - 2b6a9e416700] {4}{runtime}: Region requirements 2 and 2 of index task distribute_charge (UID 18944) in parent task top_level (UID 64) are interfering.  This behavior is currently undefined. You better really know what you are doing.
[0 - 2b6a9e416700] {4}{runtime}: Region requirements 3 and 3 of index task calc_new_currents (UID 19072) in parent task top_level (UID 64) are interfering.  This behavior is currently undefined. You better really know what you are doing.
[0 - 2b6a9e416700] {4}{runtime}: Region requirements 2 and 2 of index task distribute_charge (UID 19136) in parent task top_level (UID 64) are interfering.  This behavior is currently undefined. You better really know what you are doing.
[0 - 2b6a9e416700] {4}{runtime}: Region requirements 3 and 3 of index task calc_new_currents (UID 19264) in parent task top_level (UID 64) are interfering.  This behavior is currently undefined. You better really know what you are doing.
[0 - 2b6a9e416700] {4}{runtime}: Region requirements 2 and 2 of index task distribute_charge (UID 19328) in parent task top_level (UID 64) are interfering.  This behavior is currently undefined. You better really know what you are doing.
[0 - 2b6a9e416700] {4}{runtime}: Region requirements 3 and 3 of index task calc_new_currents (UID 19456) in parent task top_level (UID 64) are interfering.  This behavior is currently undefined. You better really know what you are doing.
[0 - 2b6a9e416700] {4}{runtime}: Region requirements 2 and 2 of index task distribute_charge (UID 19520) in parent task top_level (UID 64) are interfering.  This behavior is currently undefined. You better really know what you are doing.
PROF(0) CNC starts at 118126 ms
ckt_sim_profile: /users/gshipman/local/src/legion-asplos/legion-asplos/runtime/lowlevel_dma.cc:736: void LegionRuntime::LowLevel::CopyRequest::alloc_intermediate_buffer(LegionRuntime::LowLevel::InstPair, LegionRuntime::LowLevel::Memory, int): Assertion `ib_offset >= 0' failed.
*** Caught a fatal signal: SIGABRT(6) on node 0/64
*** Caught a signal: SIGTERM(15) on node 25/64
*** Caught a signal: SIGTERM(15) on node 10/64
*** Caught a signal: SIGTERM(15) on node 11/64
*** Caught a signal: SIGTERM(15) on node 35/64
*** Caught a signal: SIGTERM(15) on node 60/64
*** Caught a signal: SIGTERM(15) on node 42/64
*** Caught a signal: SIGTERM(15) on node 39/64
*** Caught a signal: SIGTERM(15) on node 41/64
*** Caught a signal: SIGTERM(15) on node 37/64
*** Caught a signal: SIGTERM(15) on node 49/64
*** Caught a signal: SIGTERM(15) on node 12/64
*** Caught a signal: SIGTERM(15) on node 1/64
*** Caught a signal: SIGTERM(15) on node 62/64
*** Caught a signal: SIGTERM(15) on node 52/64
*** Caught a signal: SIGTERM(15) on node 43/64
*** Caught a signal: SIGTERM(15) on node 18/64
*** Caught a signal: SIGTERM(15) on node 19/64
*** Caught a signal: SIGTERM(15) on node 2/64
*** Caught a signal: SIGTERM(15) on node 23/64
*** Caught a signal: SIGTERM(15) on node 8/64
*** Caught a signal: SIGTERM(15) on node 16/64
*** Caught a signal: SIGTERM(15) on node 26/64
*** Caught a signal: SIGTERM(15) on node 3/64
*** Caught a signal: SIGTERM(15) on node 4/64
*** Caught a signal: SIGTERM(15) on node 63/64
*** Caught a signal: SIGTERM(15) on node 46/64
*** Caught a signal: SIGTERM(15) on node 21/64
*** Caught a signal: SIGTERM(15) on node 59/64
*** Caught a signal: SIGTERM(15) on node 56/64
*** Caught a signal: SIGTERM(15) on node 44/64
*** Caught a signal: SIGTERM(15) on node 45/64
*** Caught a signal: SIGTERM(15) on node 50/64
*** Caught a signal: SIGTERM(15) on node 20/64
*** Caught a signal: SIGTERM(15) on node 61/64
*** Caught a signal: SIGTERM(15) on node 36/64
*** Caught a signal: SIGTERM(15) on node 29/64
*** Caught a signal: SIGTERM(15) on node 31/64
*** Caught a signal: SIGTERM(15) on node 33/64
*** Caught a signal: SIGTERM(15) on node 7/64
*** Caught a signal: SIGTERM(15) on node 48/64
*** Caught a signal: SIGTERM(15) on node 6/64
*** Caught a signal: SIGTERM(15) on node 32/64
*** Caught a signal: SIGTERM(15) on node 13/64
*** Caught a signal: SIGTERM(15) on node 30/64
*** Caught a signal: SIGTERM(15) on node 27/64
*** Caught a signal: SIGTERM(15) on node 47/64
*** Caught a signal: SIGTERM(15) on node 22/64
*** Caught a signal: SIGTERM(15) on node 24/64
*** Caught a signal: SIGTERM(15) on node 55/64
*** Caught a signal: SIGTERM(15) on node 17/64
*** Caught a signal: SIGTERM(15) on node 40/64
*** Caught a signal: SIGTERM(15) on node 9/64
*** Caught a signal: SIGTERM(15) on node 14/64
*** Caught a signal: SIGTERM(15) on node 57/64
*** Caught a signal: SIGTERM(15) on node 54/64
*** Caught a signal: SIGTERM(15) on node 58/64
*** Caught a signal: SIGTERM(15) on node 38/64
*** Caught a signal: SIGTERM(15) on node 5/64
*** Caught a signal: SIGTERM(15) on node 15/64
*** Caught a signal: SIGTERM(15) on node 51/64
*** Caught a signal: SIGTERM(15) on node 34/64
*** Caught a signal: SIGTERM(15) on node 53/64
--------------------------------------------------------------------------
mpirun noticed that process rank 0 with PID 54531 on node ml003.localdomain exited on signal 11 (Segmentation fault).
--------------------------------------------------------------------------
*** Caught a signal: SIGTERM(15) on node 28/64
